<?xml version="1.0" encoding="UTF-8"?>
<testsuites>
  <testsuite name="H:\project\web-platform\backend\phpunit.xml" tests="84" assertions="198" errors="0" failures="0" skipped="0" time="4.304108">
    <testsuite name="Unit" tests="82" assertions="193" errors="0" failures="0" skipped="0" time="4.219687">
      <testsuite name="Tests\Unit\ExampleTest" file="H:\project\web-platform\backend\tests\Unit\ExampleTest.php" tests="1" assertions="1" errors="0" failures="0" skipped="0" time="0.012367">
        <testcase name="test_that_true_is_true" file="H:\project\web-platform\backend\tests\Unit\ExampleTest.php" line="12" class="Tests\Unit\ExampleTest" classname="Tests.Unit.ExampleTest" assertions="1" time="0.012367"/>
      </testsuite>
      <testsuite name="Tests\Unit\Models\BookingTest" file="H:\project\web-platform\backend\tests\Unit\Models\BookingTest.php" tests="10" assertions="24" errors="0" failures="0" skipped="0" time="1.870164">
        <testcase name="it_belongs_to_user" file="H:\project\web-platform\backend\tests\Unit\Models\BookingTest.php" line="17" class="Tests\Unit\Models\BookingTest" classname="Tests.Unit.Models.BookingTest" assertions="2" time="1.545049"/>
        <testcase name="it_belongs_to_center" file="H:\project\web-platform\backend\tests\Unit\Models\BookingTest.php" line="27" class="Tests\Unit\Models\BookingTest" classname="Tests.Unit.Models.BookingTest" assertions="2" time="0.028504"/>
        <testcase name="it_may_belong_to_service" file="H:\project\web-platform\backend\tests\Unit\Models\BookingTest.php" line="37" class="Tests\Unit\Models\BookingTest" classname="Tests.Unit.Models.BookingTest" assertions="2" time="0.034674"/>
        <testcase name="it_casts_questionnaire_responses_to_array" file="H:\project\web-platform\backend\tests\Unit\Models\BookingTest.php" line="49" class="Tests\Unit\Models\BookingTest" classname="Tests.Unit.Models.BookingTest" assertions="3" time="0.028299"/>
        <testcase name="it_casts_dates_correctly" file="H:\project\web-platform\backend\tests\Unit\Models\BookingTest.php" line="67" class="Tests\Unit\Models\BookingTest" classname="Tests.Unit.Models.BookingTest" assertions="3" time="0.033112"/>
        <testcase name="it_generates_unique_booking_number" file="H:\project\web-platform\backend\tests\Unit\Models\BookingTest.php" line="80" class="Tests\Unit\Models\BookingTest" classname="Tests.Unit.Models.BookingTest" assertions="2" time="0.039002"/>
        <testcase name="it_tracks_notification_timestamps" file="H:\project\web-platform\backend\tests\Unit\Models\BookingTest.php" line="94" class="Tests\Unit\Models\BookingTest" classname="Tests.Unit.Models.BookingTest" assertions="2" time="0.026912"/>
        <testcase name="it_has_status_enum" file="H:\project\web-platform\backend\tests\Unit\Models\BookingTest.php" line="109" class="Tests\Unit\Models\BookingTest" classname="Tests.Unit.Models.BookingTest" assertions="5" time="0.071693"/>
        <testcase name="it_soft_deletes" file="H:\project\web-platform\backend\tests\Unit\Models\BookingTest.php" line="120" class="Tests\Unit\Models\BookingTest" classname="Tests.Unit.Models.BookingTest" assertions="1" time="0.033770"/>
        <testcase name="it_stores_calendly_integration_data" file="H:\project\web-platform\backend\tests\Unit\Models\BookingTest.php" line="130" class="Tests\Unit\Models\BookingTest" classname="Tests.Unit.Models.BookingTest" assertions="2" time="0.029150"/>
      </testsuite>
      <testsuite name="Tests\Unit\Models\CenterTest" file="H:\project\web-platform\backend\tests\Unit\Models\CenterTest.php" tests="13" assertions="21" errors="0" failures="0" skipped="0" time="0.333402">
        <testcase name="it_has_services_relationship" file="H:\project\web-platform\backend\tests\Unit\Models\CenterTest.php" line="19" class="Tests\Unit\Models\CenterTest" classname="Tests.Unit.Models.CenterTest" assertions="2" time="0.027297"/>
        <testcase name="it_has_staff_relationship" file="H:\project\web-platform\backend\tests\Unit\Models\CenterTest.php" line="29" class="Tests\Unit\Models\CenterTest" classname="Tests.Unit.Models.CenterTest" assertions="2" time="0.030839"/>
        <testcase name="it_has_bookings_relationship" file="H:\project\web-platform\backend\tests\Unit\Models\CenterTest.php" line="39" class="Tests\Unit\Models\CenterTest" classname="Tests.Unit.Models.CenterTest" assertions="1" time="0.027384"/>
        <testcase name="it_has_testimonials_relationship" file="H:\project\web-platform\backend\tests\Unit\Models\CenterTest.php" line="48" class="Tests\Unit\Models\CenterTest" classname="Tests.Unit.Models.CenterTest" assertions="1" time="0.025900"/>
        <testcase name="it_has_media_relationship" file="H:\project\web-platform\backend\tests\Unit\Models\CenterTest.php" line="57" class="Tests\Unit\Models\CenterTest" classname="Tests.Unit.Models.CenterTest" assertions="1" time="0.024428"/>
        <testcase name="it_calculates_occupancy_rate" file="H:\project\web-platform\backend\tests\Unit\Models\CenterTest.php" line="69" class="Tests\Unit\Models\CenterTest" classname="Tests.Unit.Models.CenterTest" assertions="1" time="0.020399"/>
        <testcase name="it_validates_license_is_valid" file="H:\project\web-platform\backend\tests\Unit\Models\CenterTest.php" line="82" class="Tests\Unit\Models\CenterTest" classname="Tests.Unit.Models.CenterTest" assertions="2" time="0.024552"/>
        <testcase name="it_casts_json_fields_to_arrays" file="H:\project\web-platform\backend\tests\Unit\Models\CenterTest.php" line="97" class="Tests\Unit\Models\CenterTest" classname="Tests.Unit.Models.CenterTest" assertions="4" time="0.025691"/>
        <testcase name="it_scopes_published_centers" file="H:\project\web-platform\backend\tests\Unit\Models\CenterTest.php" line="112" class="Tests\Unit\Models\CenterTest" classname="Tests.Unit.Models.CenterTest" assertions="1" time="0.033646"/>
        <testcase name="it_soft_deletes" file="H:\project\web-platform\backend\tests\Unit\Models\CenterTest.php" line="123" class="Tests\Unit\Models\CenterTest" classname="Tests.Unit.Models.CenterTest" assertions="2" time="0.022152"/>
        <testcase name="it_can_be_restored" file="H:\project\web-platform\backend\tests\Unit\Models\CenterTest.php" line="134" class="Tests\Unit\Models\CenterTest" classname="Tests.Unit.Models.CenterTest" assertions="1" time="0.022937"/>
        <testcase name="it_generates_slug_from_name" file="H:\project\web-platform\backend\tests\Unit\Models\CenterTest.php" line="145" class="Tests\Unit\Models\CenterTest" classname="Tests.Unit.Models.CenterTest" assertions="2" time="0.025229"/>
        <testcase name="it_enforces_capacity_constraint" file="H:\project\web-platform\backend\tests\Unit\Models\CenterTest.php" line="154" class="Tests\Unit\Models\CenterTest" classname="Tests.Unit.Models.CenterTest" assertions="1" time="0.022947"/>
      </testsuite>
      <testsuite name="Tests\Unit\Models\ConsentTest" file="H:\project\web-platform\backend\tests\Unit\Models\ConsentTest.php" tests="4" assertions="10" errors="0" failures="0" skipped="0" time="0.086765">
        <testcase name="it_belongs_to_user" file="H:\project\web-platform\backend\tests\Unit\Models\ConsentTest.php" line="15" class="Tests\Unit\Models\ConsentTest" classname="Tests.Unit.Models.ConsentTest" assertions="1" time="0.020148"/>
        <testcase name="it_has_consent_types" file="H:\project\web-platform\backend\tests\Unit\Models\ConsentTest.php" line="24" class="Tests\Unit\Models\ConsentTest" classname="Tests.Unit.Models.ConsentTest" assertions="5" time="0.028779"/>
        <testcase name="it_tracks_ip_and_user_agent" file="H:\project\web-platform\backend\tests\Unit\Models\ConsentTest.php" line="35" class="Tests\Unit\Models\ConsentTest" classname="Tests.Unit.Models.ConsentTest" assertions="2" time="0.019543"/>
        <testcase name="it_stores_consent_snapshot" file="H:\project\web-platform\backend\tests\Unit\Models\ConsentTest.php" line="47" class="Tests\Unit\Models\ConsentTest" classname="Tests.Unit.Models.ConsentTest" assertions="2" time="0.018295"/>
      </testsuite>
      <testsuite name="Tests\Unit\Models\ContentTranslationTest" file="H:\project\web-platform\backend\tests\Unit\Models\ContentTranslationTest.php" tests="7" assertions="17" errors="0" failures="0" skipped="0" time="0.190246">
        <testcase name="it_has_polymorphic_translatable_relationship" file="H:\project\web-platform\backend\tests\Unit\Models\ContentTranslationTest.php" line="16" class="Tests\Unit\Models\ContentTranslationTest" classname="Tests.Unit.Models.ContentTranslationTest" assertions="2" time="0.025305"/>
        <testcase name="it_has_supported_locales" file="H:\project\web-platform\backend\tests\Unit\Models\ContentTranslationTest.php" line="29" class="Tests\Unit\Models\ContentTranslationTest" classname="Tests.Unit.Models.ContentTranslationTest" assertions="4" time="0.034382"/>
        <testcase name="it_has_translation_workflow_statuses" file="H:\project\web-platform\backend\tests\Unit\Models\ContentTranslationTest.php" line="40" class="Tests\Unit\Models\ContentTranslationTest" classname="Tests.Unit.Models.ContentTranslationTest" assertions="4" time="0.037525"/>
        <testcase name="it_belongs_to_translator" file="H:\project\web-platform\backend\tests\Unit\Models\ContentTranslationTest.php" line="51" class="Tests\Unit\Models\ContentTranslationTest" classname="Tests.Unit.Models.ContentTranslationTest" assertions="2" time="0.024435"/>
        <testcase name="it_belongs_to_reviewer" file="H:\project\web-platform\backend\tests\Unit\Models\ContentTranslationTest.php" line="63" class="Tests\Unit\Models\ContentTranslationTest" classname="Tests.Unit.Models.ContentTranslationTest" assertions="2" time="0.022857"/>
        <testcase name="it_stores_field_and_value" file="H:\project\web-platform\backend\tests\Unit\Models\ContentTranslationTest.php" line="76" class="Tests\Unit\Models\ContentTranslationTest" classname="Tests.Unit.Models.ContentTranslationTest" assertions="2" time="0.021034"/>
        <testcase name="it_enforces_unique_constraint" file="H:\project\web-platform\backend\tests\Unit\Models\ContentTranslationTest.php" line="88" class="Tests\Unit\Models\ContentTranslationTest" classname="Tests.Unit.Models.ContentTranslationTest" assertions="1" time="0.024709"/>
      </testsuite>
      <testsuite name="Tests\Unit\Models\MediaTest" file="H:\project\web-platform\backend\tests\Unit\Models\MediaTest.php" tests="8" assertions="16" errors="0" failures="0" skipped="0" time="0.255600">
        <testcase name="it_has_polymorphic_mediable_relationship" file="H:\project\web-platform\backend\tests\Unit\Models\MediaTest.php" line="16" class="Tests\Unit\Models\MediaTest" classname="Tests.Unit.Models.MediaTest" assertions="2" time="0.050066"/>
        <testcase name="it_works_with_different_mediable_types" file="H:\project\web-platform\backend\tests\Unit\Models\MediaTest.php" line="29" class="Tests\Unit\Models\MediaTest" classname="Tests.Unit.Models.MediaTest" assertions="1" time="0.024938"/>
        <testcase name="it_has_media_types" file="H:\project\web-platform\backend\tests\Unit\Models\MediaTest.php" line="41" class="Tests\Unit\Models\MediaTest" classname="Tests.Unit.Models.MediaTest" assertions="3" time="0.057293"/>
        <testcase name="it_stores_file_metadata" file="H:\project\web-platform\backend\tests\Unit\Models\MediaTest.php" line="53" class="Tests\Unit\Models\MediaTest" classname="Tests.Unit.Models.MediaTest" assertions="4" time="0.030533"/>
        <testcase name="it_has_accessibility_fields" file="H:\project\web-platform\backend\tests\Unit\Models\MediaTest.php" line="69" class="Tests\Unit\Models\MediaTest" classname="Tests.Unit.Models.MediaTest" assertions="2" time="0.028166"/>
        <testcase name="it_has_display_order" file="H:\project\web-platform\backend\tests\Unit\Models\MediaTest.php" line="81" class="Tests\Unit\Models\MediaTest" classname="Tests.Unit.Models.MediaTest" assertions="2" time="0.024180"/>
        <testcase name="it_stores_video_duration" file="H:\project\web-platform\backend\tests\Unit\Models\MediaTest.php" line="91" class="Tests\Unit\Models\MediaTest" classname="Tests.Unit.Models.MediaTest" assertions="1" time="0.018331"/>
        <testcase name="it_stores_cloudflare_stream_id" file="H:\project\web-platform\backend\tests\Unit\Models\MediaTest.php" line="102" class="Tests\Unit\Models\MediaTest" classname="Tests.Unit.Models.MediaTest" assertions="1" time="0.022091"/>
      </testsuite>
      <testsuite name="Tests\Unit\Models\ProfileTest" file="H:\project\web-platform\backend\tests\Unit\Models\ProfileTest.php" tests="3" assertions="6" errors="0" failures="0" skipped="0" time="0.061856">
        <testcase name="it_belongs_to_user" file="H:\project\web-platform\backend\tests\Unit\Models\ProfileTest.php" line="15" class="Tests\Unit\Models\ProfileTest" classname="Tests.Unit.Models.ProfileTest" assertions="2" time="0.020208"/>
        <testcase name="it_casts_birth_date_to_date" file="H:\project\web-platform\backend\tests\Unit\Models\ProfileTest.php" line="25" class="Tests\Unit\Models\ProfileTest" classname="Tests.Unit.Models.ProfileTest" assertions="2" time="0.019394"/>
        <testcase name="it_stores_address_information" file="H:\project\web-platform\backend\tests\Unit\Models\ProfileTest.php" line="34" class="Tests\Unit\Models\ProfileTest" classname="Tests.Unit.Models.ProfileTest" assertions="2" time="0.022254"/>
      </testsuite>
      <testsuite name="Tests\Unit\Models\ServiceTest" file="H:\project\web-platform\backend\tests\Unit\Models\ServiceTest.php" tests="3" assertions="4" errors="0" failures="0" skipped="0" time="0.068885">
        <testcase name="it_belongs_to_center" file="H:\project\web-platform\backend\tests\Unit\Models\ServiceTest.php" line="15" class="Tests\Unit\Models\ServiceTest" classname="Tests.Unit.Models.ServiceTest" assertions="1" time="0.026622"/>
        <testcase name="it_casts_features_to_array" file="H:\project\web-platform\backend\tests\Unit\Models\ServiceTest.php" line="24" class="Tests\Unit\Models\ServiceTest" classname="Tests.Unit.Models.ServiceTest" assertions="2" time="0.020837"/>
        <testcase name="it_supports_soft_deletes" file="H:\project\web-platform\backend\tests\Unit\Models\ServiceTest.php" line="33" class="Tests\Unit\Models\ServiceTest" classname="Tests.Unit.Models.ServiceTest" assertions="1" time="0.021426"/>
      </testsuite>
      <testsuite name="Tests\Unit\Models\TestimonialTest" file="H:\project\web-platform\backend\tests\Unit\Models\TestimonialTest.php" tests="8" assertions="19" errors="0" failures="0" skipped="0" time="0.221795">
        <testcase name="it_belongs_to_user" file="H:\project\web-platform\backend\tests\Unit\Models\TestimonialTest.php" line="16" class="Tests\Unit\Models\TestimonialTest" classname="Tests.Unit.Models.TestimonialTest" assertions="2" time="0.026438"/>
        <testcase name="it_belongs_to_center" file="H:\project\web-platform\backend\tests\Unit\Models\TestimonialTest.php" line="26" class="Tests\Unit\Models\TestimonialTest" classname="Tests.Unit.Models.TestimonialTest" assertions="2" time="0.022971"/>
        <testcase name="it_may_belong_to_moderator" file="H:\project\web-platform\backend\tests\Unit\Models\TestimonialTest.php" line="36" class="Tests\Unit\Models\TestimonialTest" classname="Tests.Unit.Models.TestimonialTest" assertions="2" time="0.025735"/>
        <testcase name="it_has_rating_between_1_and_5" file="H:\project\web-platform\backend\tests\Unit\Models\TestimonialTest.php" line="49" class="Tests\Unit\Models\TestimonialTest" classname="Tests.Unit.Models.TestimonialTest" assertions="5" time="0.028187"/>
        <testcase name="it_has_moderation_status" file="H:\project\web-platform\backend\tests\Unit\Models\TestimonialTest.php" line="58" class="Tests\Unit\Models\TestimonialTest" classname="Tests.Unit.Models.TestimonialTest" assertions="4" time="0.043342"/>
        <testcase name="it_records_moderation_timestamp" file="H:\project\web-platform\backend\tests\Unit\Models\TestimonialTest.php" line="69" class="Tests\Unit\Models\TestimonialTest" classname="Tests.Unit.Models.TestimonialTest" assertions="2" time="0.023945"/>
        <testcase name="it_soft_deletes" file="H:\project\web-platform\backend\tests\Unit\Models\TestimonialTest.php" line="81" class="Tests\Unit\Models\TestimonialTest" classname="Tests.Unit.Models.TestimonialTest" assertions="1" time="0.026842"/>
        <testcase name="it_stores_moderation_notes" file="H:\project\web-platform\backend\tests\Unit\Models\TestimonialTest.php" line="91" class="Tests\Unit\Models\TestimonialTest" classname="Tests.Unit.Models.TestimonialTest" assertions="1" time="0.024335"/>
      </testsuite>
      <testsuite name="Tests\Unit\Observers\AuditObserverTest" file="H:\project\web-platform\backend\tests\Unit\Observers\AuditObserverTest.php" tests="1" assertions="3" errors="0" failures="0" skipped="0" time="0.018652">
        <testcase name="test_creating_user_writes_audit_log" file="H:\project\web-platform\backend\tests\Unit\Observers\AuditObserverTest.php" line="14" class="Tests\Unit\Observers\AuditObserverTest" classname="Tests.Unit.Observers.AuditObserverTest" assertions="3" time="0.018652"/>
      </testsuite>
      <testsuite name="Tests\Unit\Services\AccountDeletionServiceTest" file="H:\project\web-platform\backend\tests\Unit\Services\AccountDeletionServiceTest.php" tests="3" assertions="7" errors="0" failures="0" skipped="0" time="0.086506">
        <testcase name="test_requestDeletion_dispatches_job_with_30_day_delay" file="H:\project\web-platform\backend\tests\Unit\Services\AccountDeletionServiceTest.php" line="26" class="Tests\Unit\Services\AccountDeletionServiceTest" classname="Tests.Unit.Services.AccountDeletionServiceTest" assertions="3" time="0.034092"/>
        <testcase name="test_cancelDeletion_restores_trashed_user" file="H:\project\web-platform\backend\tests\Unit\Services\AccountDeletionServiceTest.php" line="42" class="Tests\Unit\Services\AccountDeletionServiceTest" classname="Tests.Unit.Services.AccountDeletionServiceTest" assertions="2" time="0.022296"/>
        <testcase name="test_permanentlyDelete_anonymizes_bookings_and_force_deletes" file="H:\project\web-platform\backend\tests\Unit\Services\AccountDeletionServiceTest.php" line="55" class="Tests\Unit\Services\AccountDeletionServiceTest" classname="Tests.Unit.Services.AccountDeletionServiceTest" assertions="2" time="0.030117"/>
      </testsuite>
      <testsuite name="Tests\Unit\Services\BookingServiceTest" file="H:\project\web-platform\backend\tests\Unit\Services\BookingServiceTest.php" tests="7" assertions="16" errors="0" failures="0" skipped="0" time="0.507439">
        <testcase name="test_create_booking_happy_path_dispatches_job" file="H:\project\web-platform\backend\tests\Unit\Services\BookingServiceTest.php" line="30" class="Tests\Unit\Services\BookingServiceTest" classname="Tests.Unit.Services.BookingServiceTest" assertions="3" time="0.058260"/>
        <testcase name="test_create_rejects_past_date" file="H:\project\web-platform\backend\tests\Unit\Services\BookingServiceTest.php" line="68" class="Tests\Unit\Services\BookingServiceTest" classname="Tests.Unit.Services.BookingServiceTest" assertions="1" time="0.024687"/>
        <testcase name="test_create_rejects_duplicate_booking" file="H:\project\web-platform\backend\tests\Unit\Services\BookingServiceTest.php" line="84" class="Tests\Unit\Services\BookingServiceTest" classname="Tests.Unit.Services.BookingServiceTest" assertions="2" time="0.279988"/>
        <testcase name="test_update_reschedules_calendly_event_if_present" file="H:\project\web-platform\backend\tests\Unit\Services\BookingServiceTest.php" line="133" class="Tests\Unit\Services\BookingServiceTest" classname="Tests.Unit.Services.BookingServiceTest" assertions="2" time="0.037368"/>
        <testcase name="test_cancel_calls_calendly_and_sets_cancelled" file="H:\project\web-platform\backend\tests\Unit\Services\BookingServiceTest.php" line="161" class="Tests\Unit\Services\BookingServiceTest" classname="Tests.Unit.Services.BookingServiceTest" assertions="3" time="0.029692"/>
        <testcase name="test_confirm_and_complete_transitions" file="H:\project\web-platform\backend\tests\Unit\Services\BookingServiceTest.php" line="187" class="Tests\Unit\Services\BookingServiceTest" classname="Tests.Unit.Services.BookingServiceTest" assertions="2" time="0.047620"/>
        <testcase name="test_get_bookings_needing_reminders_and_mark" file="H:\project\web-platform\backend\tests\Unit\Services\BookingServiceTest.php" line="202" class="Tests\Unit\Services\BookingServiceTest" classname="Tests.Unit.Services.BookingServiceTest" assertions="3" time="0.029823"/>
      </testsuite>
      <testsuite name="Tests\Unit\Services\DataExportServiceTest" file="H:\project\web-platform\backend\tests\Unit\Services\DataExportServiceTest.php" tests="1" assertions="9" errors="0" failures="0" skipped="0" time="0.107520">
        <testcase name="test_exportUserData_writes_json_and_returns_url" file="H:\project\web-platform\backend\tests\Unit\Services\DataExportServiceTest.php" line="24" class="Tests\Unit\Services\DataExportServiceTest" classname="Tests.Unit.Services.DataExportServiceTest" assertions="9" time="0.107520"/>
      </testsuite>
      <testsuite name="Tests\Unit\Services\MediaServiceTest" file="H:\project\web-platform\backend\tests\Unit\Services\MediaServiceTest.php" tests="5" assertions="17" errors="0" failures="0" skipped="0" time="0.186026">
        <testcase name="test_upload_image_creates_media_and_dispatches_job" file="H:\project\web-platform\backend\tests\Unit\Services\MediaServiceTest.php" line="28" class="Tests\Unit\Services\MediaServiceTest" classname="Tests.Unit.Services.MediaServiceTest" assertions="5" time="0.067299"/>
        <testcase name="test_delete_deletes_record_and_files" file="H:\project\web-platform\backend\tests\Unit\Services\MediaServiceTest.php" line="60" class="Tests\Unit\Services\MediaServiceTest" classname="Tests.Unit.Services.MediaServiceTest" assertions="3" time="0.040000"/>
        <testcase name="test_reorder_updates_display_order" file="H:\project\web-platform\backend\tests\Unit\Services\MediaServiceTest.php" line="85" class="Tests\Unit\Services\MediaServiceTest" classname="Tests.Unit.Services.MediaServiceTest" assertions="3" time="0.029666"/>
        <testcase name="test_updateMetadata_updates_fields" file="H:\project\web-platform\backend\tests\Unit\Services\MediaServiceTest.php" line="102" class="Tests\Unit\Services\MediaServiceTest" classname="Tests.Unit.Services.MediaServiceTest" assertions="3" time="0.024382"/>
        <testcase name="test_getMediaFor_returns_media_with_and_without_type" file="H:\project\web-platform\backend\tests\Unit\Services\MediaServiceTest.php" line="117" class="Tests\Unit\Services\MediaServiceTest" classname="Tests.Unit.Services.MediaServiceTest" assertions="3" time="0.024679"/>
      </testsuite>
      <testsuite name="Tests\Unit\Services\TestimonialServiceTest" file="H:\project\web-platform\backend\tests\Unit\Services\TestimonialServiceTest.php" tests="3" assertions="9" errors="0" failures="0" skipped="0" time="0.092052">
        <testcase name="it_can_submit_a_testimonial_and_prevent_duplicates" file="H:\project\web-platform\backend\tests\Unit\Services\TestimonialServiceTest.php" line="25" class="Tests\Unit\Services\TestimonialServiceTest" classname="Tests.Unit.Services.TestimonialServiceTest" assertions="2" time="0.024648"/>
        <testcase name="it_can_approve_and_reject_testimonials" file="H:\project\web-platform\backend\tests\Unit\Services\TestimonialServiceTest.php" line="58" class="Tests\Unit\Services\TestimonialServiceTest" classname="Tests.Unit.Services.TestimonialServiceTest" assertions="4" time="0.034482"/>
        <testcase name="it_calculates_average_rating_and_distribution" file="H:\project\web-platform\backend\tests\Unit\Services\TestimonialServiceTest.php" line="73" class="Tests\Unit\Services\TestimonialServiceTest" classname="Tests.Unit.Services.TestimonialServiceTest" assertions="3" time="0.032921"/>
      </testsuite>
      <testsuite name="Tests\Unit\Services\TranslationServiceTest" file="H:\project\web-platform\backend\tests\Unit\Services\TranslationServiceTest.php" tests="5" assertions="14" errors="0" failures="0" skipped="0" time="0.120414">
        <testcase name="test_create_translation_and_retrieve" file="H:\project\web-platform\backend\tests\Unit\Services\TranslationServiceTest.php" line="25" class="Tests\Unit\Services\TranslationServiceTest" classname="Tests.Unit.Services.TranslationServiceTest" assertions="4" time="0.022371"/>
        <testcase name="test_update_translation" file="H:\project\web-platform\backend\tests\Unit\Services\TranslationServiceTest.php" line="46" class="Tests\Unit\Services\TranslationServiceTest" classname="Tests.Unit.Services.TranslationServiceTest" assertions="1" time="0.022539"/>
        <testcase name="test_mark_translated_and_review_and_publish_flow" file="H:\project\web-platform\backend\tests\Unit\Services\TranslationServiceTest.php" line="55" class="Tests\Unit\Services\TranslationServiceTest" classname="Tests.Unit.Services.TranslationServiceTest" assertions="5" time="0.028354"/>
        <testcase name="test_invalid_state_transitions_throw" file="H:\project\web-platform\backend\tests\Unit\Services\TranslationServiceTest.php" line="74" class="Tests\Unit\Services\TranslationServiceTest" classname="Tests.Unit.Services.TranslationServiceTest" assertions="1" time="0.022347"/>
        <testcase name="test_get_pending_translations_and_coverage" file="H:\project\web-platform\backend\tests\Unit\Services\TranslationServiceTest.php" line="86" class="Tests\Unit\Services\TranslationServiceTest" classname="Tests.Unit.Services.TranslationServiceTest" assertions="3" time="0.024804"/>
      </testsuite>
    </testsuite>
    <testsuite name="Feature" tests="2" assertions="5" errors="0" failures="0" skipped="0" time="0.084422">
      <testsuite name="Tests\Feature\AuditLoggingIntegrationTest" file="H:\project\web-platform\backend\tests\Feature\AuditLoggingIntegrationTest.php" tests="1" assertions="4" errors="0" failures="0" skipped="0" time="0.020391">
        <testcase name="test_update_and_delete_create_audit_entries" file="H:\project\web-platform\backend\tests\Feature\AuditLoggingIntegrationTest.php" line="15" class="Tests\Feature\AuditLoggingIntegrationTest" classname="Tests.Feature.AuditLoggingIntegrationTest" assertions="4" time="0.020391"/>
      </testsuite>
      <testsuite name="Tests\Feature\ExampleTest" file="H:\project\web-platform\backend\tests\Feature\ExampleTest.php" tests="1" assertions="1" errors="0" failures="0" skipped="0" time="0.064030">
        <testcase name="test_the_application_returns_a_successful_response" file="H:\project\web-platform\backend\tests\Feature\ExampleTest.php" line="13" class="Tests\Feature\ExampleTest" classname="Tests.Feature.ExampleTest" assertions="1" time="0.064030"/>
      </testsuite>
    </testsuite>
  </testsuite>
</testsuites>
